# JRE version: Java(TM) SE Runtime Environment (8.0_251-b08) (build 1.8.0_251-b08)
# Java VM: Java HotSpot(TM) 64-Bit Server VM (25.251-b08 mixed mode windows-amd64 compressed oops)
Heap:
 PSYoungGen      total 54784K, used 48004K [0x00000000eb600000, 0x00000000f1500000, 0x0000000100000000)
  eden space 40960K, 84% used [0x00000000eb600000,0x00000000ed7b5f50,0x00000000ede00000)
  from space 13824K, 97% used [0x00000000ede00000,0x00000000eeb2b210,0x00000000eeb80000)
  to   space 15872K, 0% used [0x00000000f0580000,0x00000000f0580000,0x00000000f1500000)
 ParOldGen       total 38912K, used 22207K [0x00000000c2200000, 0x00000000c4800000, 0x00000000eb600000)
  object space 38912K, 57% used [0x00000000c2200000,0x00000000c37afc10,0x00000000c4800000)
 Metaspace       used 20908K, capacity 21268K, committed 21632K, reserved 1069056K
  class space    used 2518K, capacity 2594K, committed 2688K, reserved 1048576K
GC Heap History (10 events):
Event: 163.552 GC heap before
{Heap before GC invocations=10 (full 0):
 PSYoungGen      total 29184K, used 25836K [0x00000000eb600000, 0x00000000ee980000, 0x0000000100000000)
  eden space 16896K, 100% used [0x00000000eb600000,0x00000000ec680000,0x00000000ec680000)
  from space 12288K, 72% used [0x00000000ec680000,0x00000000ecf3b080,0x00000000ed280000)
  to   space 12800K, 0% used [0x00000000edd00000,0x00000000edd00000,0x00000000ee980000)
 ParOldGen       total 42496K, used 29337K [0x00000000c2200000, 0x00000000c4b80000, 0x00000000eb600000)
  object space 42496K, 69% used [0x00000000c2200000,0x00000000c3ea67d0,0x00000000c4b80000)
 Metaspace       used 19080K, capacity 19406K, committed 19584K, reserved 1067008K
  class space    used 2321K, capacity 2401K, committed 2432K, reserved 1048576K
Event: 163.561 GC heap after
Heap after GC invocations=10 (full 0):
 PSYoungGen      total 38400K, used 11557K [0x00000000eb600000, 0x00000000eec80000, 0x0000000100000000)
  eden space 25600K, 0% used [0x00000000eb600000,0x00000000eb600000,0x00000000ecf00000)
  from space 12800K, 90% used [0x00000000edd00000,0x00000000ee849668,0x00000000ee980000)
  to   space 14336K, 0% used [0x00000000ecf00000,0x00000000ecf00000,0x00000000edd00000)
 ParOldGen       total 42496K, used 29353K [0x00000000c2200000, 0x00000000c4b80000, 0x00000000eb600000)
  object space 42496K, 69% used [0x00000000c2200000,0x00000000c3eaa7d0,0x00000000c4b80000)
 Metaspace       used 19080K, capacity 19406K, committed 19584K, reserved 1067008K
  class space    used 2321K, capacity 2401K, committed 2432K, reserved 1048576K
}
Event: 167.520 GC heap before
{Heap before GC invocations=11 (full 0):
 PSYoungGen      total 38400K, used 34766K [0x00000000eb600000, 0x00000000eec80000, 0x0000000100000000)
  eden space 25600K, 90% used [0x00000000eb600000,0x00000000eccaa458,0x00000000ecf00000)
  from space 12800K, 90% used [0x00000000edd00000,0x00000000ee849668,0x00000000ee980000)
  to   space 14336K, 0% used [0x00000000ecf00000,0x00000000ecf00000,0x00000000edd00000)
 ParOldGen       total 42496K, used 29353K [0x00000000c2200000, 0x00000000c4b80000, 0x00000000eb600000)
  object space 42496K, 69% used [0x00000000c2200000,0x00000000c3eaa7d0,0x00000000c4b80000)
 Metaspace       used 19083K, capacity 19406K, committed 19584K, reserved 1067008K
  class space    used 2321K, capacity 2401K, committed 2432K, reserved 1048576K
Event: 167.530 GC heap after
Heap after GC invocations=11 (full 0):
 PSYoungGen      total 39936K, used 4336K [0x00000000eb600000, 0x00000000ef900000, 0x0000000100000000)
  eden space 25600K, 0% used [0x00000000eb600000,0x00000000eb600000,0x00000000ecf00000)
  from space 14336K, 30% used [0x00000000ecf00000,0x00000000ed33c040,0x00000000edd00000)
  to   space 13824K, 0% used [0x00000000eeb80000,0x00000000eeb80000,0x00000000ef900000)
 ParOldGen       total 42496K, used 34902K [0x00000000c2200000, 0x00000000c4b80000, 0x00000000eb600000)
  object space 42496K, 82% used [0x00000000c2200000,0x00000000c4415810,0x00000000c4b80000)
 Metaspace       used 19083K, capacity 19406K, committed 19584K, reserved 1067008K
  class space    used 2321K, capacity 2401K, committed 2432K, reserved 1048576K
}
Event: 167.530 GC heap before
{Heap before GC invocations=12 (full 1):
 PSYoungGen      total 39936K, used 4336K [0x00000000eb600000, 0x00000000ef900000, 0x0000000100000000)
  eden space 25600K, 0% used [0x00000000eb600000,0x00000000eb600000,0x00000000ecf00000)
  from space 14336K, 30% used [0x00000000ecf00000,0x00000000ed33c040,0x00000000edd00000)
  to   space 13824K, 0% used [0x00000000eeb80000,0x00000000eeb80000,0x00000000ef900000)
 ParOldGen       total 42496K, used 34902K [0x00000000c2200000, 0x00000000c4b80000, 0x00000000eb600000)
  object space 42496K, 82% used [0x00000000c2200000,0x00000000c4415810,0x00000000c4b80000)
 Metaspace       used 19083K, capacity 19406K, committed 19584K, reserved 1067008K
  class space    used 2321K, capacity 2401K, committed 2432K, reserved 1048576K
Event: 167.594 GC heap after
Heap after GC invocations=12 (full 1):
 PSYoungGen      total 39936K, used 0K [0x00000000eb600000, 0x00000000ef900000, 0x0000000100000000)
  eden space 25600K, 0% used [0x00000000eb600000,0x00000000eb600000,0x00000000ecf00000)
  from space 14336K, 0% used [0x00000000ecf00000,0x00000000ecf00000,0x00000000edd00000)
  to   space 13824K, 0% used [0x00000000eeb80000,0x00000000eeb80000,0x00000000ef900000)
 ParOldGen       total 38912K, used 12799K [0x00000000c2200000, 0x00000000c4800000, 0x00000000eb600000)
  object space 38912K, 32% used [0x00000000c2200000,0x00000000c2e7fc00,0x00000000c4800000)
 Metaspace       used 19083K, capacity 19406K, committed 19584K, reserved 1067008K
  class space    used 2321K, capacity 2401K, committed 2432K, reserved 1048576K
}
Event: 169.525 GC heap before
{Heap before GC invocations=13 (full 1):
 PSYoungGen      total 39936K, used 25225K [0x00000000eb600000, 0x00000000ef900000, 0x0000000100000000)
  eden space 25600K, 98% used [0x00000000eb600000,0x00000000ecea2670,0x00000000ecf00000)
  from space 14336K, 0% used [0x00000000ecf00000,0x00000000ecf00000,0x00000000edd00000)
  to   space 13824K, 0% used [0x00000000eeb80000,0x00000000eeb80000,0x00000000ef900000)
 ParOldGen       total 38912K, used 12799K [0x00000000c2200000, 0x00000000c4800000, 0x00000000eb600000)
  object space 38912K, 32% used [0x00000000c2200000,0x00000000c2e7fc00,0x00000000c4800000)
 Metaspace       used 19083K, capacity 19406K, committed 19584K, reserved 1067008K
  class space    used 2321K, capacity 2401K, committed 2432K, reserved 1048576K
Event: 169.537 GC heap after
Heap after GC invocations=13 (full 1):
 PSYoungGen      total 54784K, used 8288K [0x00000000eb600000, 0x00000000ef900000, 0x0000000100000000)
  eden space 40960K, 0% used [0x00000000eb600000,0x00000000eb600000,0x00000000ede00000)
  from space 13824K, 59% used [0x00000000eeb80000,0x00000000ef398010,0x00000000ef900000)
  to   space 13824K, 0% used [0x00000000ede00000,0x00000000ede00000,0x00000000eeb80000)
 ParOldGen       total 38912K, used 20999K [0x00000000c2200000, 0x00000000c4800000, 0x00000000eb600000)
  object space 38912K, 53% used [0x00000000c2200000,0x00000000c3681c10,0x00000000c4800000)
 Metaspace       used 19083K, capacity 19406K, committed 19584K, reserved 1067008K
  class space    used 2321K, capacity 2401K, committed 2432K, reserved 1048576K
}
Event: 169.583 GC heap before
{Heap before GC invocations=14 (full 1):
 PSYoungGen      total 54784K, used 47893K [0x00000000eb600000, 0x00000000ef900000, 0x0000000100000000)
  eden space 40960K, 96% used [0x00000000eb600000,0x00000000edcad610,0x00000000ede00000)
  from space 13824K, 59% used [0x00000000eeb80000,0x00000000ef398010,0x00000000ef900000)
  to   space 13824K, 0% used [0x00000000ede00000,0x00000000ede00000,0x00000000eeb80000)
 ParOldGen       total 38912K, used 20999K [0x00000000c2200000, 0x00000000c4800000, 0x00000000eb600000)
  object space 38912K, 53% used [0x00000000c2200000,0x00000000c3681c10,0x00000000c4800000)
 Metaspace       used 19083K, capacity 19406K, committed 19584K, reserved 1067008K
  class space    used 2321K, capacity 2401K, committed 2432K, reserved 1048576K
Event: 169.589 GC heap after
Heap after GC invocations=14 (full 1):
 PSYoungGen      total 54784K, used 13484K [0x00000000eb600000, 0x00000000f1500000, 0x0000000100000000)
  eden space 40960K, 0% used [0x00000000eb600000,0x00000000eb600000,0x00000000ede00000)
  from space 13824K, 97% used [0x00000000ede00000,0x00000000eeb2b210,0x00000000eeb80000)
  to   space 15872K, 0% used [0x00000000f0580000,0x00000000f0580000,0x00000000f1500000)
 ParOldGen       total 38912K, used 22207K [0x00000000c2200000, 0x00000000c4800000, 0x00000000eb600000)
  object space 38912K, 57% used [0x00000000c2200000,0x00000000c37afc10,0x00000000c4800000)
 Metaspace       used 19083K, capacity 19406K, committed 19584K, reserved 1067008K
  class space    used 2321K, capacity 2401K, committed 2432K, reserved 1048576K
}

